<?xml version="1.0" encoding="UTF-8"?>
<!-- Generated by org.testng.reporters.JUnitReportReporter -->
<testsuite hostname="Jainson-VAIO" name="com.ebfs.test.SmokeTest" tests="1" failures="0" timestamp="26 Jan 2016 16:49:06 GMT" time="5.530" errors="0">
  <testcase name="createAccount" time="5.530" classname="com.ebfs.test.SmokeTest"/>
</testsuite> <!-- com.ebfs.test.SmokeTest -->
